{
  "RSpec": {
    "coverage": {
      "/Users/pavan/projects/Social-Aggregator/jobs/facebook_all_accounts_fetch_job.rb": [
        1,
        1,
        null,
        1,
        1,
        0,
        0,
        0,
        null,
        null,
        null,
        null,
        null
      ],
      "/Users/pavan/projects/Social-Aggregator/jobs/facebook_feed_job.rb": [
        1,
        1,
        null,
        1,
        0,
        0,
        0,
        null,
        0,
        0,
        0,
        null,
        0,
        null,
        null,
        null,
        1,
        0,
        0,
        0,
        0,
        null,
        null,
        null
      ],
      "/Users/pavan/projects/Social-Aggregator/jobs/facebook_profile_details_job.rb": [
        1,
        1,
        null,
        1,
        0,
        0,
        0,
        0,
        0,
        null,
        null,
        null,
        1,
        0,
        0,
        0,
        null,
        null,
        null,
        null,
        0,
        null,
        null
      ],
      "/Users/pavan/projects/Social-Aggregator/jobs/twitter_all_accounts_fetch_job.rb": [
        1,
        1,
        null,
        1,
        1,
        0,
        0,
        null,
        null,
        null,
        null
      ],
      "/Users/pavan/projects/Social-Aggregator/jobs/twitter_details_job.rb": [
        1,
        1,
        null,
        1,
        0,
        0,
        null,
        null,
        1,
        0,
        0,
        null,
        null,
        null,
        null,
        0,
        null,
        null
      ],
      "/Users/pavan/projects/Social-Aggregator/jobs/twitter_user_timeline_job.rb": [
        1,
        1,
        null,
        1,
        0,
        0,
        0,
        0,
        0,
        0,
        null,
        0,
        0,
        null,
        0,
        0,
        0,
        0,
        0,
        null,
        null,
        null,
        null
      ],
      "/Users/pavan/projects/Social-Aggregator/app/models/user.rb": [
        1,
        null,
        null,
        1,
        null,
        null,
        1,
        null,
        1,
        0,
        null,
        null
      ],
      "/Users/pavan/projects/Social-Aggregator/app/helpers/application_helper.rb": [
        1,
        null
      ],
      "/Users/pavan/projects/Social-Aggregator/app/helpers/home_helper.rb": [
        1,
        null
      ],
      "/Users/pavan/projects/Social-Aggregator/app/helpers/social_inbox_feeds_helper.rb": [
        1,
        null
      ]
    },
    "timestamp": 1436438346
  }
}
